TN:
SF:app/(auth)/login.tsx
FN:24,LoginScreen
FN:30,handleLogin
FN:95,onChangeText
FN:103,onBlur
FN:130,onPress
FN:162,onPress
FNF:6
FNH:3
FNDA:5,LoginScreen
FNDA:1,handleLogin
FNDA:1,onChangeText
FNDA:0,onBlur
FNDA:0,onPress
FNDA:0,onPress
DA:1,1
DA:2,1
DA:3,1
DA:4,1
DA:5,1
DA:6,1
DA:7,1
DA:8,1
DA:9,1
DA:10,1
DA:11,1
DA:12,1
DA:13,1
DA:14,1
DA:15,1
DA:16,1
DA:17,1
DA:18,1
DA:19,1
DA:20,1
DA:21,1
DA:22,1
DA:23,1
DA:24,1
DA:25,5
DA:26,5
DA:27,5
DA:28,5
DA:29,5
DA:30,5
DA:31,1
DA:32,1
DA:33,1
DA:34,1
DA:35,1
DA:36,0
DA:37,0
DA:38,0
DA:39,1
DA:40,1
DA:41,1
DA:42,1
DA:43,0
DA:44,0
DA:45,0
DA:46,0
DA:47,5
DA:48,5
DA:49,5
DA:50,5
DA:51,5
DA:52,5
DA:53,5
DA:54,5
DA:55,5
DA:56,5
DA:57,5
DA:58,5
DA:59,5
DA:60,5
DA:61,5
DA:62,5
DA:63,5
DA:64,5
DA:65,5
DA:66,5
DA:67,5
DA:68,5
DA:69,5
DA:70,5
DA:71,5
DA:72,5
DA:73,5
DA:74,5
DA:75,5
DA:76,5
DA:77,5
DA:78,5
DA:79,5
DA:80,5
DA:81,5
DA:82,5
DA:83,5
DA:84,5
DA:85,5
DA:86,5
DA:87,5
DA:88,5
DA:89,5
DA:90,5
DA:91,5
DA:92,5
DA:93,5
DA:94,5
DA:95,5
DA:96,1
DA:97,1
DA:98,1
DA:99,5
DA:100,5
DA:101,5
DA:102,5
DA:103,5
DA:104,0
DA:105,0
DA:106,0
DA:107,5
DA:108,5
DA:109,1
DA:110,1
DA:111,1
DA:112,5
DA:113,5
DA:114,5
DA:115,5
DA:116,5
DA:117,5
DA:118,5
DA:119,5
DA:120,5
DA:121,5
DA:122,5
DA:123,5
DA:124,5
DA:125,5
DA:126,5
DA:127,5
DA:128,5
DA:129,5
DA:130,5
DA:131,5
DA:132,5
DA:133,5
DA:134,5
DA:135,5
DA:136,5
DA:137,5
DA:138,5
DA:139,5
DA:140,5
DA:141,5
DA:142,5
DA:143,5
DA:144,5
DA:145,5
DA:146,5
DA:147,5
DA:148,5
DA:149,5
DA:150,5
DA:151,5
DA:152,5
DA:153,5
DA:154,5
DA:155,5
DA:156,5
DA:157,5
DA:158,5
DA:159,5
DA:160,5
DA:161,5
DA:162,5
DA:163,0
DA:164,0
DA:165,0
DA:166,0
DA:167,0
DA:168,5
DA:169,5
DA:170,5
DA:171,5
DA:172,5
DA:173,5
DA:174,5
DA:175,5
LF:175
LH:160
BRDA:24,0,0,5
BRDA:54,1,0,0
BRDA:102,2,0,1
BRDA:102,3,0,4
BRDA:108,4,0,1
BRDA:135,5,0,0
BRDA:154,6,0,0
BRDA:30,7,0,1
BRDA:35,8,0,0
BRDA:42,9,0,0
BRDA:95,10,0,1
BRDA:97,11,0,0
BRF:12
BRH:6
end_of_record
TN:
SF:app/(auth)/register/index.tsx
FN:15,RegisterIndex
FN:31,onChangeEmail
FN:35,onChangePassword
FN:39,onChangeConfirm
FN:141,onToggle
FN:164,onPress
FNF:6
FNH:5
FNDA:38,RegisterIndex
FNDA:5,onChangeEmail
FNDA:5,onChangePassword
FNDA:5,onChangeConfirm
FNDA:7,onToggle
FNDA:0,onPress
DA:1,1
DA:2,1
DA:3,1
DA:4,1
DA:5,1
DA:6,1
DA:7,1
DA:8,1
DA:9,1
DA:10,1
DA:11,1
DA:12,1
DA:13,1
DA:14,1
DA:15,1
DA:16,38
DA:17,38
DA:18,38
DA:19,38
DA:20,38
DA:21,38
DA:22,38
DA:23,38
DA:24,38
DA:25,38
DA:26,38
DA:27,38
DA:28,38
DA:29,38
DA:30,38
DA:31,38
DA:32,5
DA:33,5
DA:34,38
DA:35,38
DA:36,5
DA:37,5
DA:38,38
DA:39,38
DA:40,5
DA:41,5
DA:42,38
DA:43,38
DA:44,38
DA:45,9
DA:46,9
DA:47,9
DA:48,9
DA:49,9
DA:50,9
DA:51,9
DA:52,9
DA:53,9
DA:54,9
DA:55,2
DA:56,2
DA:57,9
DA:58,1
DA:59,1
DA:60,1
DA:61,9
DA:62,9
DA:63,5
DA:64,5
DA:65,5
DA:66,5
DA:67,5
DA:68,9
DA:69,9
DA:70,6
DA:71,6
DA:72,6
DA:73,9
DA:74,9
DA:75,9
DA:76,9
DA:77,2
DA:78,2
DA:79,2
DA:80,2
DA:81,2
DA:82,2
DA:83,2
DA:84,2
DA:85,2
DA:86,2
DA:87,2
DA:88,38
DA:89,38
DA:90,38
DA:91,38
DA:92,38
DA:93,38
DA:94,38
DA:95,38
DA:96,38
DA:97,38
DA:98,38
DA:99,38
DA:100,38
DA:101,38
DA:102,38
DA:103,38
DA:104,38
DA:105,38
DA:106,38
DA:107,38
DA:108,38
DA:109,38
DA:110,38
DA:111,38
DA:112,38
DA:113,38
DA:114,38
DA:115,38
DA:116,38
DA:117,38
DA:118,38
DA:119,38
DA:120,38
DA:121,38
DA:122,38
DA:123,38
DA:124,38
DA:125,38
DA:126,38
DA:127,38
DA:128,38
DA:129,38
DA:130,38
DA:131,38
DA:132,38
DA:133,38
DA:134,38
DA:135,38
DA:136,38
DA:137,38
DA:138,38
DA:139,38
DA:140,38
DA:141,38
DA:142,38
DA:143,38
DA:144,38
DA:145,38
DA:146,38
DA:147,38
DA:148,38
DA:149,38
DA:150,38
DA:151,38
DA:152,38
DA:153,38
DA:154,38
DA:155,38
DA:156,38
DA:157,0
DA:158,0
DA:159,0
DA:160,38
DA:161,38
DA:162,38
DA:163,38
DA:164,38
DA:165,0
DA:166,0
DA:167,0
DA:168,0
DA:169,0
DA:170,38
DA:171,38
DA:172,38
DA:173,38
DA:174,38
LF:174
LH:166
BRDA:15,0,0,38
BRDA:156,1,0,0
BRDA:31,2,0,5
BRDA:33,3,0,1
BRDA:35,4,0,5
BRDA:37,5,0,2
BRDA:39,6,0,5
BRDA:41,7,0,2
BRDA:44,8,0,38
BRDA:44,9,0,9
BRDA:54,10,0,2
BRDA:57,11,0,7
BRDA:57,12,0,1
BRDA:62,13,0,5
BRDA:69,14,0,6
BRDA:69,15,0,6
BRDA:76,16,0,7
BRDA:76,17,0,2
BRDA:141,18,0,7
BRDA:141,19,0,7
BRF:20
BRH:19
end_of_record
TN:
SF:app/onboarding/questionnaire-intro.tsx
FN:7,RegisterQuestIntro
FNF:1
FNH:1
FNDA:2,RegisterQuestIntro
DA:1,1
DA:2,1
DA:3,1
DA:4,1
DA:5,1
DA:6,1
DA:7,1
DA:8,2
DA:9,2
DA:10,2
DA:11,1
DA:12,2
DA:13,2
DA:14,2
DA:15,2
DA:16,2
DA:17,2
DA:18,2
DA:19,2
DA:20,2
DA:21,2
DA:22,2
DA:23,2
DA:24,2
DA:25,2
DA:26,2
DA:27,2
DA:28,2
DA:29,2
DA:30,2
DA:31,2
DA:32,2
DA:33,2
DA:34,2
DA:35,2
DA:36,2
DA:37,2
DA:38,2
DA:39,2
DA:40,2
DA:41,2
DA:42,2
DA:43,2
DA:44,2
DA:45,2
DA:46,2
DA:47,2
DA:48,2
DA:49,2
DA:50,2
DA:51,2
DA:52,2
DA:53,2
DA:54,2
DA:55,2
DA:56,2
LF:56
LH:56
BRDA:7,0,0,2
BRDA:10,1,0,2
BRDA:10,2,0,1
BRF:3
BRH:3
end_of_record
TN:
SF:assets/images/woman-holding-phone.png
FN:1,Object.<anonymous>
FNF:1
FNH:1
FNDA:1,Object.<anonymous>
DA:1,1
DA:2,1
DA:3,1
DA:4,1
DA:5,1
DA:6,1
DA:7,1
DA:8,1
DA:9,1
DA:10,1
DA:11,1
DA:12,1
DA:13,1
DA:14,1
DA:15,1
DA:16,1
DA:17,1
DA:18,1
DA:19,1
DA:20,1
DA:21,1
DA:22,1
DA:23,1
DA:24,1
DA:25,1
DA:26,1
DA:27,1
DA:28,1
DA:29,1
DA:30,1
DA:31,1
DA:32,1
DA:33,1
DA:34,1
DA:35,1
DA:36,1
DA:37,1
DA:38,1
DA:39,1
DA:40,1
DA:41,1
DA:42,1
DA:43,1
DA:44,1
DA:45,1
DA:46,1
DA:47,1
DA:48,1
DA:49,1
DA:50,1
DA:51,1
DA:52,1
DA:53,1
DA:54,1
DA:55,1
DA:56,1
DA:57,1
DA:58,1
DA:59,1
DA:60,1
DA:61,1
DA:62,1
DA:63,1
DA:64,1
DA:65,1
DA:66,1
DA:67,1
DA:68,1
DA:69,1
DA:70,1
DA:71,1
DA:72,1
DA:73,1
DA:74,1
DA:75,1
DA:76,1
DA:77,1
DA:78,1
LF:78
LH:78
BRDA:1,0,0,1
BRDA:1,1,0,1
BRF:2
BRH:2
end_of_record
TN:
SF:components/DividerText.tsx
FN:4,DividerText
FNF:1
FNH:1
FNDA:5,DividerText
DA:1,1
DA:2,1
DA:3,1
DA:4,1
DA:5,5
DA:6,5
DA:7,5
DA:8,5
DA:9,5
DA:10,5
DA:11,5
DA:12,5
LF:12
LH:12
BRDA:4,0,0,5
BRF:1
BRH:1
end_of_record
TN:
SF:components/AppBarBackButton/AppBarBackButton.tsx
FN:5,AppBar
FN:13,onPress
FNF:2
FNH:2
FNDA:2,AppBar
FNDA:2,onPress
DA:1,1
DA:2,1
DA:3,1
DA:4,1
DA:5,1
DA:6,2
DA:7,2
DA:8,2
DA:9,2
DA:10,2
DA:11,2
DA:12,2
DA:13,2
DA:14,2
DA:15,2
DA:16,2
DA:17,2
DA:18,2
DA:19,2
DA:20,2
DA:21,2
DA:22,1
DA:23,1
LF:23
LH:23
BRDA:5,0,0,2
BRDA:13,1,0,2
BRDA:14,2,0,1
BRDA:14,3,0,1
BRF:4
BRH:4
end_of_record
TN:
SF:components/EmailField/EmailField.tsx
FN:6,EmailField
FNF:1
FNH:1
FNDA:35,EmailField
DA:1,1
DA:2,1
DA:3,1
DA:4,1
DA:5,1
DA:6,1
DA:7,35
DA:8,35
DA:9,35
DA:10,35
DA:11,35
DA:12,35
DA:13,35
DA:14,35
DA:15,35
DA:16,35
DA:17,35
DA:18,35
DA:19,35
DA:20,35
DA:21,35
DA:22,35
DA:23,35
DA:24,35
DA:25,35
DA:26,35
DA:27,35
DA:28,35
DA:29,35
DA:30,35
DA:31,35
DA:32,3
DA:33,35
DA:34,35
DA:35,35
DA:36,35
LF:36
LH:36
BRDA:6,0,0,35
BRDA:26,1,0,3
BRDA:26,2,0,32
BRDA:27,3,0,0
BRDA:31,4,0,3
BRDA:33,5,0,32
BRF:6
BRH:5
end_of_record
TN:
SF:components/PasswordField/PasswordField.tsx
FN:7,PasswordField
FN:32,onPress
FNF:2
FNH:2
FNDA:70,PasswordField
FNDA:2,onPress
DA:1,1
DA:2,1
DA:3,1
DA:4,1
DA:5,1
DA:6,1
DA:7,1
DA:8,70
DA:9,70
DA:10,70
DA:11,70
DA:12,70
DA:13,70
DA:14,70
DA:15,70
DA:16,70
DA:17,70
DA:18,70
DA:19,70
DA:20,70
DA:21,70
DA:22,70
DA:23,70
DA:24,70
DA:25,70
DA:26,70
DA:27,70
DA:28,70
DA:29,70
DA:30,70
DA:31,70
DA:32,70
DA:33,70
DA:34,70
DA:35,70
DA:36,70
DA:37,70
DA:38,70
DA:39,70
DA:40,70
DA:41,70
DA:42,70
DA:43,70
DA:44,70
DA:45,70
DA:46,70
DA:47,15
DA:48,70
DA:49,70
DA:50,70
DA:51,70
LF:51
LH:51
BRDA:7,0,0,70
BRDA:11,1,0,0
BRDA:26,2,0,15
BRDA:26,3,0,55
BRDA:35,4,0,0
BRDA:39,5,0,0
BRDA:46,6,0,15
BRDA:48,7,0,55
BRDA:32,8,0,2
BRDA:32,9,0,2
BRF:10
BRH:7
end_of_record
TN:
SF:components/SocialSignOn/SocialSignOn.tsx
FN:9,SocialSignOn
FN:23,onPress
FN:42,onPress
FN:61,onPress
FNF:4
FNH:1
FNDA:5,SocialSignOn
FNDA:0,onPress
FNDA:0,onPress
FNDA:0,onPress
DA:1,1
DA:2,1
DA:3,1
DA:4,1
DA:5,1
DA:6,1
DA:7,1
DA:8,1
DA:9,1
DA:10,5
DA:11,5
DA:12,5
DA:13,5
DA:14,5
DA:15,5
DA:16,5
DA:17,5
DA:18,5
DA:19,5
DA:20,5
DA:21,5
DA:22,5
DA:23,5
DA:24,5
DA:25,5
DA:26,5
DA:27,5
DA:28,5
DA:29,5
DA:30,5
DA:31,5
DA:32,5
DA:33,5
DA:34,5
DA:35,5
DA:36,5
DA:37,5
DA:38,5
DA:39,5
DA:40,5
DA:41,5
DA:42,5
DA:43,5
DA:44,5
DA:45,5
DA:46,5
DA:47,5
DA:48,5
DA:49,5
DA:50,5
DA:51,5
DA:52,5
DA:53,5
DA:54,5
DA:55,5
DA:56,5
DA:57,5
DA:58,5
DA:59,5
DA:60,5
DA:61,5
DA:62,5
DA:63,5
DA:64,5
DA:65,5
DA:66,5
DA:67,5
DA:68,5
DA:69,5
DA:70,5
DA:71,5
DA:72,5
DA:73,5
DA:74,5
DA:75,5
DA:76,5
DA:77,5
DA:78,5
DA:79,5
DA:80,5
DA:81,5
LF:81
LH:81
BRDA:9,0,0,5
BRF:1
BRH:1
end_of_record
TN:
SF:components/ThemedPressable/ThemedPressable.tsx
FN:7,ThemedPressable
FNF:1
FNH:1
FNDA:35,ThemedPressable
DA:1,1
DA:2,1
DA:3,1
DA:4,1
DA:5,1
DA:6,1
DA:7,1
DA:8,35
DA:9,35
DA:10,35
DA:11,35
DA:12,35
DA:13,35
DA:14,35
DA:15,35
DA:16,35
DA:17,35
DA:18,35
DA:19,35
DA:20,35
DA:21,35
DA:22,35
DA:23,35
DA:24,35
DA:25,35
DA:26,35
DA:27,35
DA:28,35
DA:29,35
DA:30,35
DA:31,35
DA:32,35
DA:33,0
DA:34,35
DA:35,35
DA:36,35
DA:37,35
DA:38,35
DA:39,35
DA:40,35
DA:41,35
LF:41
LH:40
BRDA:7,0,0,35
BRDA:16,1,0,28
BRDA:24,2,0,0
BRDA:28,3,0,7
BRDA:32,4,0,0
BRF:5
BRH:3
end_of_record
TN:
SF:components/ThemedTextInput/ThemedTextInput.tsx
FN:8,ThemedTextInput
FNF:1
FNH:1
FNDA:105,ThemedTextInput
DA:1,1
DA:2,1
DA:3,1
DA:4,1
DA:5,1
DA:6,1
DA:7,1
DA:8,1
DA:9,105
DA:10,105
DA:11,105
DA:12,105
DA:13,105
DA:14,105
DA:15,105
DA:16,105
DA:17,105
DA:18,105
DA:19,105
DA:20,105
DA:21,105
DA:22,105
DA:23,105
DA:24,105
DA:25,105
DA:26,105
DA:27,105
DA:28,105
DA:29,105
DA:30,105
DA:31,105
DA:32,105
DA:33,105
DA:34,105
DA:35,105
DA:36,105
LF:36
LH:36
BRDA:8,0,0,105
BRDA:31,1,0,0
BRDA:32,2,0,0
BRF:3
BRH:1
end_of_record
TN:
SF:utils/helpers.ts
FN:1,cn
FNF:1
FNH:1
FNDA:70,cn
DA:1,1
DA:2,70
LF:2
LH:2
BRDA:1,0,0,70
BRDA:1,1,0,210
BRF:2
BRH:2
end_of_record
